[2016-09-22 10:34:46] START
[2016-11-14 16:30:13] EDIT 1/views/default/index.html: 50
[2016-11-14 16:30:41] EDIT 1/views/default/index.html: -50
[2016-11-14 16:32:48] EDIT 1/views/default/index.html: 65
[2016-11-14 21:11:26] EDIT 1/databases/sql.log: -86
[2016-11-14 22:00:35] EDIT 1/views/default/index.html: 0
[2016-11-14 22:01:28] EDIT 1/views/default/index.html: 0
[2016-11-14 22:01:48] EDIT 1/views/default/index.html: 0
[2016-11-14 22:01:55] EDIT 1/views/default/index.html: 0
[2016-11-14 22:02:07] EDIT 1/views/default/index.html: 0
[2016-11-18 00:11:39] EDIT 1/controllers/default.py: 13
[2016-11-18 00:11:52] EDIT 1/controllers/default.py: -8
[2016-11-18 00:12:16] EDIT 1/controllers/default.py: 0
[2016-11-18 00:13:10] EDIT 1/controllers/default.py: 1
[2016-11-18 00:13:47] EDIT 1/views/default/index.html: 2
[2016-11-18 00:14:23] EDIT 1/controllers/default.py: 0
[2016-11-18 00:16:50] EDIT 1/controllers/default.py: 7
[2016-11-18 00:17:11] EDIT 1/controllers/default.py: 0
[2016-11-18 00:17:12] EDIT 1/controllers/default.py: 0
[2016-11-18 00:17:26] EDIT 1/controllers/default.py: 0
[2016-11-18 00:17:46] EDIT 1/controllers/default.py: 0
[2016-11-18 00:18:36] EDIT 1/controllers/default.py: 0
[2016-11-18 00:19:43] EDIT 1/controllers/default.py: 1
[2016-11-18 00:20:25] EDIT 1/views/default/index.html: 1
[2016-11-18 00:20:29] EDIT 1/views/default/index.html: 0
[2016-11-18 00:21:40] EDIT 1/controllers/default.py: 1
[2016-11-18 00:22:39] EDIT 1/controllers/default.py: 0
[2016-11-18 00:22:59] EDIT 1/controllers/default.py: 0
[2016-11-18 00:23:36] EDIT 1/controllers/default.py: 0
[2016-11-18 00:24:33] EDIT 1/controllers/default.py: 0
[2016-11-18 00:26:20] EDIT 1/controllers/default.py: 0
[2016-11-18 00:27:51] EDIT 1/controllers/default.py: 0
[2016-11-18 00:28:32] EDIT 1/controllers/default.py: 0
[2016-11-18 00:30:19] EDIT 1/controllers/default.py: 0
[2016-11-18 00:34:43] EDIT 1/controllers/default.py: 0
[2016-11-18 00:38:45] EDIT 1/controllers/default.py: 0
[2016-11-18 00:39:05] EDIT 1/controllers/default.py: 0
[2016-11-18 00:40:36] EDIT 1/controllers/default.py: 0
[2016-11-18 00:41:44] EDIT 1/controllers/default.py: 0
[2016-11-18 00:41:59] EDIT 1/controllers/default.py: 0
[2016-11-18 00:44:32] EDIT 1/controllers/default.py: 0
[2016-11-18 00:45:46] EDIT 1/controllers/default.py: 0
[2016-11-18 00:46:11] EDIT 1/controllers/default.py: 1
[2016-11-18 00:47:52] EDIT 1/controllers/default.py: 0
[2016-11-18 01:29:55] EDIT 1/controllers/default.py: 0
[2016-11-18 01:30:45] EDIT 1/controllers/default.py: -1
[2016-11-18 01:30:53] EDIT 1/controllers/default.py: 0
[2016-11-20 13:11:14] EDIT 1/views/default/index.html: -1
[2016-11-20 13:11:45] EDIT 1/views/default/index.html: 0
[2016-11-20 13:56:15] EDIT 1/controllers/default.py: 1
[2016-11-20 13:56:18] EDIT 1/controllers/default.py: 0
